Determining if the C compiler works failed with the following output:
Change Dir: D:/14 - Projects/Notebook/5.手撕代码/KMP/cmake-build-debug/CMakeFiles/CMakeTmp

Run Build Command(s):E:/MinGW/bin/mingw32-make.exe cmTC_cb0df/fast 
E:/MinGW/bin/mingw32-make.exe -f CMakeFiles\cmTC_cb0df.dir\build.make CMakeFiles/cmTC_cb0df.dir/build
mingw32-make.exe[1]: Entering directory 'D:/14 - Projects/Notebook/5.手撕代码/KMP/cmake-build-debug/CMakeFiles/CMakeTmp'
Building C object CMakeFiles/cmTC_cb0df.dir/testCCompiler.c.obj
E:\MinGW\bin\gcc.exe    -o CMakeFiles\cmTC_cb0df.dir\testCCompiler.c.obj   -c "D:\14 - Projects\Notebook\5.鎵嬫挄浠ｇ爜\KMP\cmake-build-debug\CMakeFiles\CMakeTmp\testCCompiler.c"
gcc.exe: error: D:\14 - Projects\Notebook\5.鎵嬫挄浠ｇ爜\KMP\cmake-build-debug\CMakeFiles\CMakeTmp\testCCompiler.c: No such file or directory
gcc.exe: fatal error: no input files
compilation terminated.
CMakeFiles\cmTC_cb0df.dir\build.make:64: recipe for target 'CMakeFiles/cmTC_cb0df.dir/testCCompiler.c.obj' failed
mingw32-make.exe[1]: *** [CMakeFiles/cmTC_cb0df.dir/testCCompiler.c.obj] Error 1
mingw32-make.exe[1]: Leaving directory 'D:/14 - Projects/Notebook/5.手撕代码/KMP/cmake-build-debug/CMakeFiles/CMakeTmp'
Makefile:120: recipe for target 'cmTC_cb0df/fast' failed
mingw32-make.exe: *** [cmTC_cb0df/fast] Error 2


Determining if the C compiler works failed with the following output:
Change Dir: D:/14 - Projects/Notebook/5.手撕代码/KMP/cmake-build-debug/CMakeFiles/CMakeTmp

Run Build Command(s):E:/MinGW/bin/mingw32-make.exe cmTC_ee48b/fast 
E:/MinGW/bin/mingw32-make.exe -f CMakeFiles\cmTC_ee48b.dir\build.make CMakeFiles/cmTC_ee48b.dir/build
mingw32-make.exe[1]: Entering directory 'D:/14 - Projects/Notebook/5.手撕代码/KMP/cmake-build-debug/CMakeFiles/CMakeTmp'
Building C object CMakeFiles/cmTC_ee48b.dir/testCCompiler.c.obj
E:\MinGW\bin\gcc.exe    -o CMakeFiles\cmTC_ee48b.dir\testCCompiler.c.obj   -c "D:\14 - Projects\Notebook\5.鎵嬫挄浠ｇ爜\KMP\cmake-build-debug\CMakeFiles\CMakeTmp\testCCompiler.c"
gcc.exe: error: D:\14 - Projects\Notebook\5.鎵嬫挄浠ｇ爜\KMP\cmake-build-debug\CMakeFiles\CMakeTmp\testCCompiler.c: No such file or directory
gcc.exe: fatal error: no input files
compilation terminated.
CMakeFiles\cmTC_ee48b.dir\build.make:64: recipe for target 'CMakeFiles/cmTC_ee48b.dir/testCCompiler.c.obj' failed
mingw32-make.exe[1]: *** [CMakeFiles/cmTC_ee48b.dir/testCCompiler.c.obj] Error 1
mingw32-make.exe[1]: Leaving directory 'D:/14 - Projects/Notebook/5.手撕代码/KMP/cmake-build-debug/CMakeFiles/CMakeTmp'
Makefile:120: recipe for target 'cmTC_ee48b/fast' failed
mingw32-make.exe: *** [cmTC_ee48b/fast] Error 2


