The system is: Windows - 10.0.18362 - AMD64
Compiling the C compiler identification source file "CMakeCCompilerId.c" succeeded.
Compiler: E:/MinGW/bin/gcc.exe 
Build flags: 
Id flags:  

The output was:
0


Compilation of the C compiler identification source "CMakeCCompilerId.c" produced "a.exe"

The C compiler identification is GNU, found in "D:/14 - Projects/Notebook/5.手撕代码/KMP/cmake-build-debug/CMakeFiles/3.14.3/CompilerIdC/a.exe"

Compiling the CXX compiler identification source file "CMakeCXXCompilerId.cpp" succeeded.
Compiler: E:/MinGW/bin/g++.exe 
Build flags: 
Id flags:  

The output was:
0


Compilation of the CXX compiler identification source "CMakeCXXCompilerId.cpp" produced "a.exe"

The CXX compiler identification is GNU, found in "D:/14 - Projects/Notebook/5.手撕代码/KMP/cmake-build-debug/CMakeFiles/3.14.3/CompilerIdCXX/a.exe"

Compiling the C compiler identification source file "CMakeCCompilerId.c" succeeded.
Compiler: E:/MinGW/bin/gcc.exe 
Build flags: 
Id flags:  

The output was:
0


Compilation of the C compiler identification source "CMakeCCompilerId.c" produced "a.exe"

The C compiler identification is GNU, found in "D:/14 - Projects/Notebook/5.手撕代码/KMP/cmake-build-debug/CMakeFiles/3.14.3/CompilerIdC/a.exe"

Compiling the CXX compiler identification source file "CMakeCXXCompilerId.cpp" succeeded.
Compiler: E:/MinGW/bin/g++.exe 
Build flags: 
Id flags:  

The output was:
0


Compilation of the CXX compiler identification source "CMakeCXXCompilerId.cpp" produced "a.exe"

The CXX compiler identification is GNU, found in "D:/14 - Projects/Notebook/5.手撕代码/KMP/cmake-build-debug/CMakeFiles/3.14.3/CompilerIdCXX/a.exe"

